0 info it worked if it ends with ok
1 verbose cli [ '/usr/local/bin/node', '/usr/local/bin/npm', 'install', '-pg' ]
2 info using npm@2.15.9
3 info using node@v4.5.0
4 verbose install initial load of /usr/local/lib/package.json
5 verbose readDependencies loading dependencies from /usr/local/lib/package.json
6 silly cache add args [ '.', null ]
7 verbose cache add spec .
8 silly cache add parsed spec Result {
8 silly cache add   raw: '.',
8 silly cache add   scope: null,
8 silly cache add   name: null,
8 silly cache add   rawSpec: '.',
8 silly cache add   spec: '/Users/dcasserleigh/WebstormProjects/pairup',
8 silly cache add   type: 'directory' }
9 verbose addLocalDirectory /Users/dcasserleigh/.npm/pairup/1.0.0/package.tgz not in flight; packing
10 verbose correctMkdir /Users/dcasserleigh/.npm correctMkdir not in flight; initializing
11 verbose tar pack [ '/Users/dcasserleigh/.npm/pairup/1.0.0/package.tgz',
11 verbose tar pack   '/Users/dcasserleigh/WebstormProjects/pairup' ]
12 verbose tarball /Users/dcasserleigh/.npm/pairup/1.0.0/package.tgz
13 verbose folder /Users/dcasserleigh/WebstormProjects/pairup
14 info prepublish pairup@1.0.0
15 verbose addLocalTarball adding from inside cache /Users/dcasserleigh/.npm/pairup/1.0.0/package.tgz
16 verbose correctMkdir /Users/dcasserleigh/.npm correctMkdir not in flight; initializing
17 silly cache afterAdd pairup@1.0.0
18 verbose afterAdd /Users/dcasserleigh/.npm/pairup/1.0.0/package/package.json not in flight; writing
19 verbose correctMkdir /Users/dcasserleigh/.npm correctMkdir not in flight; initializing
20 verbose afterAdd /Users/dcasserleigh/.npm/pairup/1.0.0/package/package.json written
21 silly install resolved [ { name: 'pairup',
21 silly install resolved     version: '1.0.0',
21 silly install resolved     description: '',
21 silly install resolved     main: 'index.js',
21 silly install resolved     scripts: { test: 'echo "Error: no test specified" && exit 1' },
21 silly install resolved     author: '',
21 silly install resolved     license: 'ISC',
21 silly install resolved     dependencies: { ejs: '^2.5.6', express: '^4.15.3' },
21 silly install resolved     gitHead: 'b1501f571235d43f83b5caedb7f8e133e6db6dbe',
21 silly install resolved     readme: 'ERROR: No README data found!',
21 silly install resolved     _id: 'pairup@1.0.0',
21 silly install resolved     _shasum: '0a8283f1fc20da6655ca4d041ceac789af38ffc1',
21 silly install resolved     _from: '../../Users/dcasserleigh/WebstormProjects/pairup',
21 silly install resolved     _resolved: 'file:../../Users/dcasserleigh/WebstormProjects/pairup' } ]
22 info install pairup@1.0.0 into /usr/local/lib
23 info installOne pairup@1.0.0
24 verbose installOne of pairup to /usr/local/lib not in flight; installing
25 verbose correctMkdir /Users/dcasserleigh/.npm/_locks correctMkdir not in flight; initializing
26 verbose lock using /Users/dcasserleigh/.npm/_locks/pairup-4932f74ba16eecfb.lock for /usr/local/lib/node_modules/pairup
27 silly install write writing pairup 1.0.0 to /usr/local/lib/node_modules/pairup
28 verbose unbuild lib/node_modules/pairup
29 silly gentlyRm /usr/local/lib/node_modules/pairup is being purged from base /usr/local
30 verbose gentlyRm don't care about contents; nuking /usr/local/lib/node_modules/pairup
31 verbose tar unpack /Users/dcasserleigh/.npm/pairup/1.0.0/package.tgz
32 verbose tar unpacking to /usr/local/lib/node_modules/pairup
33 silly gentlyRm /usr/local/lib/node_modules/pairup is being purged
34 verbose gentlyRm don't care about contents; nuking /usr/local/lib/node_modules/pairup
35 silly gunzTarPerm modes [ '755', '644' ]
36 error tar.unpack untar error /Users/dcasserleigh/.npm/pairup/1.0.0/package.tgz
37 verbose unlock done using /Users/dcasserleigh/.npm/_locks/pairup-4932f74ba16eecfb.lock for /usr/local/lib/node_modules/pairup
38 verbose fstream_path /usr/local/lib/node_modules/pairup
39 verbose fstream_type Directory
40 verbose fstream_class DirWriter
41 verbose stack Error: EACCES: permission denied, mkdir '/usr/local/lib/node_modules/pairup'
41 verbose stack     at Error (native)
42 verbose fstream_stack /usr/local/lib/node_modules/npm/node_modules/fstream/lib/dir-writer.js:35:25
42 verbose fstream_stack /usr/local/lib/node_modules/npm/node_modules/mkdirp/index.js:47:53
42 verbose fstream_stack FSReqWrap.oncomplete (fs.js:82:15)
43 verbose cwd /Users/dcasserleigh/WebstormProjects/pairup
44 error Darwin 15.5.0
45 error argv "/usr/local/bin/node" "/usr/local/bin/npm" "install" "-pg"
46 error node v4.5.0
47 error npm  v2.15.9
48 error path /usr/local/lib/node_modules/pairup
49 error code EACCES
50 error errno -13
51 error syscall mkdir
52 error Error: EACCES: permission denied, mkdir '/usr/local/lib/node_modules/pairup'
52 error     at Error (native)
52 error  { [Error: EACCES: permission denied, mkdir '/usr/local/lib/node_modules/pairup']
52 error   errno: -13,
52 error   code: 'EACCES',
52 error   syscall: 'mkdir',
52 error   path: '/usr/local/lib/node_modules/pairup',
52 error   fstream_type: 'Directory',
52 error   fstream_path: '/usr/local/lib/node_modules/pairup',
52 error   fstream_class: 'DirWriter',
52 error   fstream_stack:
52 error    [ '/usr/local/lib/node_modules/npm/node_modules/fstream/lib/dir-writer.js:35:25',
52 error      '/usr/local/lib/node_modules/npm/node_modules/mkdirp/index.js:47:53',
52 error      'FSReqWrap.oncomplete (fs.js:82:15)' ] }
53 error Please try running this command again as root/Administrator.
54 verbose exit [ -13, true ]
55 verbose unbuild lib/node_modules/pairup
56 silly gentlyRm /usr/local/lib/node_modules/pairup is being purged from base /usr/local
57 verbose gentlyRm don't care about contents; nuking /usr/local/lib/node_modules/pairup
